[Licensing::Module] Trying to connect to existing licensing client channel...
Built from '6000.4/staging' branch; Version is '6000.4.2f1 (7a4c1aeef971) revision 8014874'; Using compiler version '194234433'; Build Type 'Release'
[Licensing::IpcConnector] Successfully connected to: "LicenseClient-timmb" at "2026-04-17T17:22:37.1283836Z"
OS: 'Windows 11  (10.0.26200) Professional' Language: 'ru' Physical Memory: 16290 MB
BatchMode: 1, IsHumanControllingUs: 0, StartBugReporterOnCrash: 0, Is64bit: 1
System  architecture: x64
Process architecture: x64
Date: 2026-04-17T17:22:37Z

COMMAND LINE ARGUMENTS:
C:\Program Files\Unity\Hub\Editor\6000.4.2f1\Editor\Unity.exe
-adb2
-batchMode
-noUpm
-name
AssetImportWorker2
-projectPath
X:/pigeon/PigeonGame
-logFile
Logs/AssetImportWorker2.log
-srvPort
51325
-force-d3d12
-job-worker-count
5
-background-job-worker-count
8
-gc-helper-count
1
-name
AssetImport
Successfully changed project path to: X:/pigeon/PigeonGame
X:/pigeon/PigeonGame
[UnityMemory] Configuration Parameters - Can be set up in boot.config
    "memorysetup-temp-allocator-size-gi-baking-worker=262144"
    "memorysetup-temp-allocator-size-gi-baking-worker=262144"
    "memorysetup-temp-allocator-size-gi-baking-worker=262144"
    "memorysetup-temp-allocator-size-gi-baking-worker=262144"
    "memorysetup-temp-allocator-size-gi-baking-worker=262144"
    "memorysetup-temp-allocator-size-nav-mesh-worker=65536"
    "memorysetup-temp-allocator-size-audio-worker=65536"
    "memorysetup-temp-allocator-size-cloud-worker=32768"
    "memorysetup-temp-allocator-size-gfx=262144"
    "memorysetup-temp-allocator-size-preload-manager=33554432"
    "memorysetup-temp-allocator-size-job-worker=262144"
    "memorysetup-temp-allocator-size-background-worker=32768"
    "memorysetup-allocator-temp-initial-block-size-main=262144"
    "memorysetup-allocator-temp-initial-block-size-worker=262144"
    "memorysetup-bucket-allocator-granularity=16"
    "memorysetup-bucket-allocator-bucket-count=8"
    "memorysetup-bucket-allocator-block-size=33554432"
    "memorysetup-bucket-allocator-block-count=8"
    "memorysetup-main-allocator-block-size=16777216"
    "memorysetup-thread-allocator-block-size=16777216"
    "memorysetup-gfx-main-allocator-block-size=16777216"
    "memorysetup-gfx-thread-allocator-block-size=16777216"
    "memorysetup-cache-allocator-block-size=4194304"
    "memorysetup-typetree-allocator-block-size=2097152"
    "memorysetup-profiler-bucket-allocator-granularity=16"
    "memorysetup-profiler-bucket-allocator-bucket-count=8"
    "memorysetup-profiler-bucket-allocator-block-size=33554432"
    "memorysetup-profiler-bucket-allocator-block-count=8"
    "memorysetup-profiler-allocator-block-size=16777216"
    "memorysetup-profiler-editor-allocator-block-size=1048576"
    "memorysetup-temp-allocator-size-main=16777216"
    "memorysetup-job-temp-allocator-block-size=2097152"
    "memorysetup-job-temp-allocator-block-size-background=1048576"
    "memorysetup-job-temp-allocator-reduction-small-platforms=262144"
Player connection [21072]  Target information:

Player connection [21072]  * "[IP] 192.168.1.42 [Port] 0 [Flags] 2 [Guid] 1161824579 [EditorId] 1161824579 [Version] 1048832 [Id] WindowsEditor(7,Sp1noguz) [Debug] 1 [PackageName] WindowsEditor [ProjectName] Editor" 

Player connection [21072] Host joined multi-casting on [225.0.0.222:54997]...
Player connection [21072] Host joined alternative multi-casting on [225.0.0.222:34997]...
JobSystem: Creating JobQueue using job-worker-count value 5
Input System module state changed to: Initialized.
[Physics::Module] Initialized fallback backend.
[Physics::Module] Id: 0xdecafbad
Library Redirect Path: Library/
[Physics::Module] Selected backend.
[Physics::Module] Name: PhysX
[Physics::Module] Id: 0xf2b8ea05
[Physics::Module] SDK Version: 4.1.2
[Physics::Module] Integration Version: 1.0.0
[Physics::Module] Threading Mode: Multi-Threaded
Refreshing native plugins compatible for Editor in 4.30 ms, found 4 plugins.
Initialize engine version: 6000.4.2f1 (7a4c1aeef971)
[Subsystems] Discovering subsystems at path C:/Program Files/Unity/Hub/Editor/6000.4.2f1/Editor/Data/Resources/UnitySubsystems
[Subsystems] Discovering subsystems at path X:/pigeon/PigeonGame/Assets
Forcing GfxDevice: Direct3D 12
GfxDevice: creating device client; kGfxThreadingModeNonThreaded
d3d12: failed to query info queue interface (0x80004002).
Direct3D:
    Version:         Direct3D 12 [level 11.0]
    Renderer:        NVIDIA GeForce GT 740 (ID=0xfc8)
    Vendor:          NVIDIA
    VRAM:            984 MB
    App VRAM Budget: 90 MB
    Driver:          30.0.14.7514
d3d12: Failed to create a heap!
d3d12: Failed to create a heap!
Initialize mono
Mono path[0] = 'C:/Program Files/Unity/Hub/Editor/6000.4.2f1/Editor/Data/Managed'
Mono path[1] = 'C:/Program Files/Unity/Hub/Editor/6000.4.2f1/Editor/Data/MonoBleedingEdge/lib/mono/unityjit-win32'
Mono config path = 'C:/Program Files/Unity/Hub/Editor/6000.4.2f1/Editor/Data/MonoBleedingEdge/etc'
Using monoOptions --debugger-agent=transport=dt_socket,embedding=1,server=y,suspend=n,address=127.0.0.1:56772
CodeReloadManager initialized
Begin MonoManager ReloadAssembly
Registering precompiled unity dll's ...
Register platform support module: C:/Program Files/Unity/Hub/Editor/6000.4.2f1/Editor/Data/PlaybackEngines/WebGLSupport/UnityEditor.WebGL.Extensions.dll
Register platform support module: C:/Program Files/Unity/Hub/Editor/6000.4.2f1/Editor/Data/PlaybackEngines/WindowsStandaloneSupport/UnityEditor.WindowsStandalone.Extensions.dll
Registered in 0.002457 seconds.
Native extension for WindowsStandalone target not found
Native extension for WebGL target not found
Package Manager log level set to [2]
[Package Manager] Failed to launch server process. Reason: Unity was launched with the -noUpm command-line argument
[Package Manager] Unable to send message (not connected to server process).
[Package Manager] Cannot connect to Unity Package Manager local server
ScheduleIndexationOnStartup MainProcess:False IndexOnStartup:True
Mono: successfully reloaded assembly
- Finished resetting the current domain, in  0.495 seconds
Domain Reload Profiling: 1050ms
	BeginReloadAssembly (147ms)
	RebuildCommonClasses (49ms)
	RebuildNativeTypeToScriptingClass (17ms)
	initialDomainReloadingComplete (77ms)
	LoadAllAssembliesAndSetupDomain (264ms)
		LoadAssemblies (144ms)
		AnalyzeDomain (253ms)
			TypeCache.Refresh (252ms)
				TypeCache.ScanAssembly (234ms)
	FinalizeReload (497ms)
		SetupLoadedEditorAssemblies (0ms)
			InitializePlatformSupportModulesInManaged (60ms)
			BeforeProcessingInitializeOnLoad (111ms)
			ProcessInitializeOnLoadAttributes (129ms)
			ProcessInitializeOnLoadMethodAttributes (95ms)
========================================================================
Worker process is ready to serve import requests
Import Worker Mode flag is 0x00
Begin MonoManager ReloadAssembly
[Licensing::Module] Licensing is not yet initialized.
[Licensing::Client] Error: HandshakeResponse reported an error:
	ResponseCode: 505
	ResponseStatus: Unsupported protocol version '1.18.1'.
[Licensing::Module] Error: Failed to handshake to channel: "LicenseClient-timmb"
[Licensing::IpcConnector] LicenseClient-timmb channel disconnected successfully.
[Licensing::IpcConnector] Successfully connected to: "LicenseClient-timmb-6000.4.2" at "2026-04-17T17:22:39.8893848Z"
[Licensing::Client] Handshaking with LicensingClient:
  Version:                 1.18.1+9fbee8e
  Session Id:              ed848e479d534fe4aaf0f09967801d83
  Correlation Id:          b2849576875eeb13d030cf28510875b7
  External correlation Id: 3124668111080474130
  Machine Id:              cmfhQ4mhkY2n22zs8ZDohmKt/U8=
[Licensing::Module] Successfully connected to LicensingClient on channel: "LicenseClient-timmb-6000.4.2" (connect: 0.00s, validation: 0.00s, handshake: 2.54s)
[Licensing::IpcConnector] Successfully connected to: "LicenseClient-timmb-6000.4.2-notifications" at "2026-04-17T17:22:42.4278022Z"
[Licensing::Module] Licensing Background thread has ended after 5.30s
[Licensing::Module] Licensing is initialized (took 3.12s).
[Licensing::Client] Successfully resolved entitlement details
[Licensing::Module] License group:
  Id: 7972558865213-UnityPersXXXX
  Product: Unity Personal
  Type: Assigned
  Expiration: Unlimited
Assembly Assembly-CSharp-Editor-firstpass.dll at Library/ScriptAssemblies/Assembly-CSharp-Editor-firstpass.dll not valid. Loading of assembly skipped.
Assembly Assembly-CSharp-firstpass.dll at Library/ScriptAssemblies/Assembly-CSharp-firstpass.dll not valid. Loading of assembly skipped.
Assembly DocCodeExamples.dll at Library/ScriptAssemblies/DocCodeExamples.dll not valid. Loading of assembly skipped.
Assembly TestNewCustomAssembly.dll at Library/ScriptAssemblies/TestNewCustomAssembly.dll not valid. Loading of assembly skipped.
Assembly Unity.Collections.BurstCompatibilityGen.dll at Library/ScriptAssemblies/Unity.Collections.BurstCompatibilityGen.dll not valid. Loading of assembly skipped.
Assembly Unity.Collections.DocCodeSamples.dll at Library/ScriptAssemblies/Unity.Collections.DocCodeSamples.dll not valid. Loading of assembly skipped.
Assembly Unity.Collections.PerformanceTests.dll at Library/ScriptAssemblies/Unity.Collections.PerformanceTests.dll not valid. Loading of assembly skipped.
Assembly Unity.Collections.Tests.dll at Library/ScriptAssemblies/Unity.Collections.Tests.dll not valid. Loading of assembly skipped.
Assembly Unity.Collections.Tests.Playmode.dll at Library/ScriptAssemblies/Unity.Collections.Tests.Playmode.dll not valid. Loading of assembly skipped.
Assembly Unity.InputSystem.IntegrationTests.dll at Library/ScriptAssemblies/Unity.InputSystem.IntegrationTests.dll not valid. Loading of assembly skipped.
Assembly Unity.Mathematics.Tests.dll at Library/ScriptAssemblies/Unity.Mathematics.Tests.dll not valid. Loading of assembly skipped.
Assembly Unity.Multiplayer.Center.Editor.Tests.dll at Library/ScriptAssemblies/Unity.Multiplayer.Center.Editor.Tests.dll not valid. Loading of assembly skipped.
Assembly Unity.Multiplayer.Center.Tests.dll at Library/ScriptAssemblies/Unity.Multiplayer.Center.Tests.dll not valid. Loading of assembly skipped.
Assembly Unity.Nuget.Mono-Cecil.dll at Library/ScriptAssemblies/Unity.Nuget.Mono-Cecil.dll not valid. Loading of assembly skipped.
Assembly Unity.PathTracing.Editor.Tests.dll at Library/ScriptAssemblies/Unity.PathTracing.Editor.Tests.dll not valid. Loading of assembly skipped.
Assembly Unity.PathTracing.Runtime.Tests.dll at Library/ScriptAssemblies/Unity.PathTracing.Runtime.Tests.dll not valid. Loading of assembly skipped.
Assembly Unity.RenderPipelines.Core.Editor.Tests.dll at Library/ScriptAssemblies/Unity.RenderPipelines.Core.Editor.Tests.dll not valid. Loading of assembly skipped.
Assembly Unity.RenderPipelines.Core.Runtime.Tests.dll at Library/ScriptAssemblies/Unity.RenderPipelines.Core.Runtime.Tests.dll not valid. Loading of assembly skipped.
Assembly Unity.RenderPipelines.Universal.Config.Editor.Tests.dll at Library/ScriptAssemblies/Unity.RenderPipelines.Universal.Config.Editor.Tests.dll not valid. Loading of assembly skipped.
Assembly Unity.RenderPipelines.Universal.Editor.Tests.dll at Library/ScriptAssemblies/Unity.RenderPipelines.Universal.Editor.Tests.dll not valid. Loading of assembly skipped.
Assembly Unity.RenderPipelines.Universal.Runtime.Tests.dll at Library/ScriptAssemblies/Unity.RenderPipelines.Universal.Runtime.Tests.dll not valid. Loading of assembly skipped.
Assembly Unity.Searcher.EditorTests.dll at Library/ScriptAssemblies/Unity.Searcher.EditorTests.dll not valid. Loading of assembly skipped.
Assembly Unity.ShaderGraph.Editor.Tests.dll at Library/ScriptAssemblies/Unity.ShaderGraph.Editor.Tests.dll not valid. Loading of assembly skipped.
Assembly Unity.TextMeshPro.Editor.Tests.dll at Library/ScriptAssemblies/Unity.TextMeshPro.Editor.Tests.dll not valid. Loading of assembly skipped.
Assembly Unity.TextMeshPro.Tests.dll at Library/ScriptAssemblies/Unity.TextMeshPro.Tests.dll not valid. Loading of assembly skipped.
Assembly Unity.UnifiedRayTracing.Editor.Tests.dll at Library/ScriptAssemblies/Unity.UnifiedRayTracing.Editor.Tests.dll not valid. Loading of assembly skipped.
Assembly UnityEditor.UI.Common.Tests.dll at Library/ScriptAssemblies/UnityEditor.UI.Common.Tests.dll not valid. Loading of assembly skipped.
Assembly UnityEditor.UI.EditorTests.dll at Library/ScriptAssemblies/UnityEditor.UI.EditorTests.dll not valid. Loading of assembly skipped.
Assembly UnityEngine.UI.Tests.dll at Library/ScriptAssemblies/UnityEngine.UI.Tests.dll not valid. Loading of assembly skipped.
Native extension for WindowsStandalone target not found
Native extension for WebGL target not found
[Package Manager] Failed to launch server process. Reason: Unity was launched with the -noUpm command-line argument
[Package Manager] Unable to send message (not connected to server process).
[Package Manager] Cannot connect to Unity Package Manager local server
[Package Manager] Failed to launch server process. Reason: Unity was launched with the -noUpm command-line argument
[Package Manager] Unable to send message (not connected to server process).
[Package Manager] Cannot connect to Unity Package Manager local server
ScheduleIndexationOnStartup MainProcess:False IndexOnStartup:True
Mono: successfully reloaded assembly
- Finished resetting the current domain, in  0.872 seconds
Domain Reload Profiling: 4900ms
	BeginReloadAssembly (3329ms)
		DisableScriptedObjects (7ms)
		CreateAndSetChildDomain (33ms)
	RebuildCommonClasses (45ms)
	RebuildNativeTypeToScriptingClass (16ms)
	initialDomainReloadingComplete (74ms)
	LoadAllAssembliesAndSetupDomain (564ms)
		LoadAssemblies (378ms)
		AnalyzeDomain (298ms)
			TypeCache.Refresh (214ms)
				TypeCache.ScanAssembly (197ms)
			BuildScriptInfoCaches (69ms)
			ResolveRequiredComponents (13ms)
	FinalizeReload (872ms)
		SetupLoadedEditorAssemblies (0ms)
			InitializePlatformSupportModulesInManaged (3ms)
			BeforeProcessingInitializeOnLoad (170ms)
			ProcessInitializeOnLoadAttributes (352ms)
			ProcessInitializeOnLoadMethodAttributes (77ms)
			AfterProcessingInitializeOnLoad (7ms)
		AwakeInstancesAfterBackupRestoration (6ms)
Shader Hidden/ChartRasterizerHardware is not supported: GPU does not support conservative rasterization
Shader Hidden/ChartRasterizerHardware is not supported: GPU does not support conservative rasterization
Launched and connected shader compiler UnityShaderCompiler.exe after 0.01 seconds
Unloading 25 Unused Serialized files (Serialized files now loaded: 0)
Unloading 6544 unused Assets / (6.2 MB). Loaded Objects now: 7350.
Memory consumption went from 154.4 MB to 148.2 MB.
Total: 12.416900 ms (FindLiveObjects: 0.790400 ms CreateObjectMapping: 1.212900 ms MarkObjects: 6.983400 ms  DeleteObjects: 3.427800 ms)

========================================================================
Received Prepare
Begin MonoManager ReloadAssembly
Assembly Assembly-CSharp-Editor-firstpass.dll at Library/ScriptAssemblies/Assembly-CSharp-Editor-firstpass.dll not valid. Loading of assembly skipped.
Assembly Assembly-CSharp-firstpass.dll at Library/ScriptAssemblies/Assembly-CSharp-firstpass.dll not valid. Loading of assembly skipped.
Assembly DocCodeExamples.dll at Library/ScriptAssemblies/DocCodeExamples.dll not valid. Loading of assembly skipped.
Assembly TestNewCustomAssembly.dll at Library/ScriptAssemblies/TestNewCustomAssembly.dll not valid. Loading of assembly skipped.
Assembly Unity.Collections.BurstCompatibilityGen.dll at Library/ScriptAssemblies/Unity.Collections.BurstCompatibilityGen.dll not valid. Loading of assembly skipped.
Assembly Unity.Collections.DocCodeSamples.dll at Library/ScriptAssemblies/Unity.Collections.DocCodeSamples.dll not valid. Loading of assembly skipped.
Assembly Unity.Collections.PerformanceTests.dll at Library/ScriptAssemblies/Unity.Collections.PerformanceTests.dll not valid. Loading of assembly skipped.
Assembly Unity.Collections.Tests.dll at Library/ScriptAssemblies/Unity.Collections.Tests.dll not valid. Loading of assembly skipped.
Assembly Unity.Collections.Tests.Playmode.dll at Library/ScriptAssemblies/Unity.Collections.Tests.Playmode.dll not valid. Loading of assembly skipped.
Assembly Unity.InputSystem.IntegrationTests.dll at Library/ScriptAssemblies/Unity.InputSystem.IntegrationTests.dll not valid. Loading of assembly skipped.
Assembly Unity.Mathematics.Tests.dll at Library/ScriptAssemblies/Unity.Mathematics.Tests.dll not valid. Loading of assembly skipped.
Assembly Unity.Multiplayer.Center.Editor.Tests.dll at Library/ScriptAssemblies/Unity.Multiplayer.Center.Editor.Tests.dll not valid. Loading of assembly skipped.
Assembly Unity.Multiplayer.Center.Tests.dll at Library/ScriptAssemblies/Unity.Multiplayer.Center.Tests.dll not valid. Loading of assembly skipped.
Assembly Unity.Nuget.Mono-Cecil.dll at Library/ScriptAssemblies/Unity.Nuget.Mono-Cecil.dll not valid. Loading of assembly skipped.
Assembly Unity.PathTracing.Editor.Tests.dll at Library/ScriptAssemblies/Unity.PathTracing.Editor.Tests.dll not valid. Loading of assembly skipped.
Assembly Unity.PathTracing.Runtime.Tests.dll at Library/ScriptAssemblies/Unity.PathTracing.Runtime.Tests.dll not valid. Loading of assembly skipped.
Assembly Unity.RenderPipelines.Core.Editor.Tests.dll at Library/ScriptAssemblies/Unity.RenderPipelines.Core.Editor.Tests.dll not valid. Loading of assembly skipped.
Assembly Unity.RenderPipelines.Core.Runtime.Tests.dll at Library/ScriptAssemblies/Unity.RenderPipelines.Core.Runtime.Tests.dll not valid. Loading of assembly skipped.
Assembly Unity.RenderPipelines.Universal.Config.Editor.Tests.dll at Library/ScriptAssemblies/Unity.RenderPipelines.Universal.Config.Editor.Tests.dll not valid. Loading of assembly skipped.
Assembly Unity.RenderPipelines.Universal.Editor.Tests.dll at Library/ScriptAssemblies/Unity.RenderPipelines.Universal.Editor.Tests.dll not valid. Loading of assembly skipped.
Assembly Unity.RenderPipelines.Universal.Runtime.Tests.dll at Library/ScriptAssemblies/Unity.RenderPipelines.Universal.Runtime.Tests.dll not valid. Loading of assembly skipped.
Assembly Unity.Searcher.EditorTests.dll at Library/ScriptAssemblies/Unity.Searcher.EditorTests.dll not valid. Loading of assembly skipped.
Assembly Unity.ShaderGraph.Editor.Tests.dll at Library/ScriptAssemblies/Unity.ShaderGraph.Editor.Tests.dll not valid. Loading of assembly skipped.
Assembly Unity.TextMeshPro.Editor.Tests.dll at Library/ScriptAssemblies/Unity.TextMeshPro.Editor.Tests.dll not valid. Loading of assembly skipped.
Assembly Unity.TextMeshPro.Tests.dll at Library/ScriptAssemblies/Unity.TextMeshPro.Tests.dll not valid. Loading of assembly skipped.
Assembly Unity.UnifiedRayTracing.Editor.Tests.dll at Library/ScriptAssemblies/Unity.UnifiedRayTracing.Editor.Tests.dll not valid. Loading of assembly skipped.
Assembly UnityEditor.UI.Common.Tests.dll at Library/ScriptAssemblies/UnityEditor.UI.Common.Tests.dll not valid. Loading of assembly skipped.
Assembly UnityEditor.UI.EditorTests.dll at Library/ScriptAssemblies/UnityEditor.UI.EditorTests.dll not valid. Loading of assembly skipped.
Assembly UnityEngine.UI.Tests.dll at Library/ScriptAssemblies/UnityEngine.UI.Tests.dll not valid. Loading of assembly skipped.
Native extension for WindowsStandalone target not found
Native extension for WebGL target not found
[Package Manager] Failed to launch server process. Reason: Unity was launched with the -noUpm command-line argument
[Package Manager] Unable to send message (not connected to server process).
[Package Manager] Cannot connect to Unity Package Manager local server
[Package Manager] Failed to launch server process. Reason: Unity was launched with the -noUpm command-line argument
[Package Manager] Unable to send message (not connected to server process).
[Package Manager] Cannot connect to Unity Package Manager local server
ScheduleIndexationOnStartup MainProcess:False IndexOnStartup:True
Mono: successfully reloaded assembly
- Finished resetting the current domain, in  0.955 seconds
Domain Reload Profiling: 1957ms
	BeginReloadAssembly (269ms)
		DisableScriptedObjects (7ms)
		CreateAndSetChildDomain (64ms)
	RebuildCommonClasses (48ms)
	RebuildNativeTypeToScriptingClass (16ms)
	initialDomainReloadingComplete (84ms)
	LoadAllAssembliesAndSetupDomain (584ms)
		LoadAssemblies (407ms)
		AnalyzeDomain (295ms)
			TypeCache.Refresh (18ms)
			BuildScriptInfoCaches (255ms)
			ResolveRequiredComponents (20ms)
	FinalizeReload (956ms)
		SetupLoadedEditorAssemblies (0ms)
			InitializePlatformSupportModulesInManaged (4ms)
			BeforeProcessingInitializeOnLoad (192ms)
			ProcessInitializeOnLoadAttributes (360ms)
			ProcessInitializeOnLoadMethodAttributes (114ms)
			AfterProcessingInitializeOnLoad (9ms)
		AwakeInstancesAfterBackupRestoration (23ms)
Shader Hidden/ChartRasterizerHardware is not supported: GPU does not support conservative rasterization
Unloading 25 Unused Serialized files (Serialized files now loaded: 0)
Unloading 6542 unused Assets / (6.5 MB). Loaded Objects now: 7366.
Memory consumption went from 159.3 MB to 152.8 MB.
Total: 14.335500 ms (FindLiveObjects: 0.934600 ms CreateObjectMapping: 1.854800 ms MarkObjects: 5.822200 ms  DeleteObjects: 5.723000 ms)

Prepare: number of updated asset objects reloaded= 0
========================================================================
Received Import Request.
  Time since last request: 91610.042905 seconds.
  path: Assets/Prefabs
  importAddress: Guid(f8a919bb4b46d824ea23c9dbf6fcf7d7) Importer(815301076,1909f56bfc062723c751e8b465ee728b)
Start importing Assets/Prefabs using Guid(f8a919bb4b46d824ea23c9dbf6fcf7d7) Importer(815301076,1909f56bfc062723c751e8b465ee728b) (PreviewImporter) -> (Import Result ID: 'f58b5f12af91129581bf297bd82d6041') in 0.0226063 seconds [static and dynamic dependencies]. Details - ImportResultOutputID=15f402414ddf50d2a8261399efd469e3 DependenciesID=d2527137814c670033bff702de435fea StaticDependenciesID=79feaf5a49e7650e82af295d71da6d8b 
Number of updated asset objects reloaded before import = 0Number of asset objects unloaded after import = 0

========================================================================
Received Import Request.
  Time since last request: 0.821128 seconds.
  path: Assets/Prefabs/GunHit.prefab
  importAddress: Guid(4719327f85157494d9ea8881ebe3cec1) Importer(815301076,1909f56bfc062723c751e8b465ee728b)
Start importing Assets/Prefabs/GunHit.prefab using Guid(4719327f85157494d9ea8881ebe3cec1) Importer(815301076,1909f56bfc062723c751e8b465ee728b) (PreviewImporter) -> (Import Result ID: '87ac2118840b76af5b20a892a3895f6d') in 0.7172888 seconds [static and dynamic dependencies]. Details - ImportResultOutputID=da920a3500dba685f2e2ae7130daeddf DependenciesID=4b5982a94a1ab2b8eeb4c6a6a04961ac StaticDependenciesID=6993d34e3bef87fdecf5210f796a51ac 
Number of updated asset objects reloaded before import = 0Number of asset objects unloaded after import = 6

========================================================================
Received Import Request.
  Time since last request: 0.110060 seconds.
  path: Assets/Prefabs/Ammunition
  importAddress: Guid(1c8b2180dbf19b94cabd75c0c05d00a3) Importer(815301076,1909f56bfc062723c751e8b465ee728b)
Start importing Assets/Prefabs/Ammunition using Guid(1c8b2180dbf19b94cabd75c0c05d00a3) Importer(815301076,1909f56bfc062723c751e8b465ee728b) (PreviewImporter) -> (Import Result ID: 'c1ac1e90632064d48fcd6217d10a8514') in 0.0004906 seconds [static and dynamic dependencies]. Details - ImportResultOutputID=09e653e793b898cbd7e6e98931088925 DependenciesID=a3962b4ddc57b4f00e916fa3704f13ce StaticDependenciesID=b37dff3b2caa7c89c5ba1fdcc99803d1 
Number of updated asset objects reloaded before import = 0Number of asset objects unloaded after import = 0

========================================================================
Received Import Request.
  Time since last request: 0.033411 seconds.
  path: Assets/Prefabs/Ammunition/BigAmmo.prefab
  importAddress: Guid(ef0ff45a7bc868b4c94a27eaacdc7a6c) Importer(815301076,1909f56bfc062723c751e8b465ee728b)
Start importing Assets/Prefabs/Ammunition/BigAmmo.prefab using Guid(ef0ff45a7bc868b4c94a27eaacdc7a6c) Importer(815301076,1909f56bfc062723c751e8b465ee728b) (PreviewImporter) -> (Import Result ID: '7317c74b2251cb9b1116c242b6c503ef') in 0.0418917 seconds [static and dynamic dependencies]. Details - ImportResultOutputID=5f9924bdea68ade1d473140ef27cfc80 DependenciesID=f78cfe8af5ecff6e8d4c82ac2675c642 StaticDependenciesID=0a1a33105d68429f89f585cd8ff2f5dc 
Number of updated asset objects reloaded before import = 0Number of asset objects unloaded after import = 13

========================================================================
Received Import Request.
  Time since last request: 25.217046 seconds.
  path: Assets/Prefabs/Ammunition/BigMedKit.prefab
  importAddress: Guid(7b1bf2e35638de34dbed62c20ed28170) Importer(815301076,1909f56bfc062723c751e8b465ee728b)
Start importing Assets/Prefabs/Ammunition/BigMedKit.prefab using Guid(7b1bf2e35638de34dbed62c20ed28170) Importer(815301076,1909f56bfc062723c751e8b465ee728b) (PreviewImporter) -> (Import Result ID: '1cdd0a18cc87b2eca2d09f4604d8070b') in 0.0020655 seconds [static and dynamic dependencies]. Details - ImportResultOutputID=25811db984359e305aaf5b30e466230e DependenciesID=702bd88e996e222d527858cc2eac290e StaticDependenciesID=e3a9a13a71d4dad497942dfd00642dc7 
Number of updated asset objects reloaded before import = 0Number of asset objects unloaded after import = 6

========================================================================
Received Import Request.
  Time since last request: 1.852625 seconds.
  path: Assets/Prefabs/Ammunition/BigMedKit.prefab
  importAddress: Guid(7b1bf2e35638de34dbed62c20ed28170) Importer(815301076,1909f56bfc062723c751e8b465ee728b)
Start importing Assets/Prefabs/Ammunition/BigMedKit.prefab using Guid(7b1bf2e35638de34dbed62c20ed28170) Importer(815301076,1909f56bfc062723c751e8b465ee728b) (PreviewImporter) -> (Import Result ID: '16fd2b0407ba0146242df21add972671') in 0.0017204 seconds [static and dynamic dependencies]. Details - ImportResultOutputID=25811db984359e305aaf5b30e466230e DependenciesID=cd95bc8d3f2f31aca7ce93c77e477c9d StaticDependenciesID=68921bd464fd8cfbf81a2bbc5b0d4ccc 
Number of updated asset objects reloaded before import = 0Number of asset objects unloaded after import = 8

========================================================================
Received Import Request.
  Time since last request: 7.166268 seconds.
  path: Assets/Prefabs/Ammunition/BigMedKit.prefab
  importAddress: Guid(7b1bf2e35638de34dbed62c20ed28170) Importer(815301076,1909f56bfc062723c751e8b465ee728b)
Start importing Assets/Prefabs/Ammunition/BigMedKit.prefab using Guid(7b1bf2e35638de34dbed62c20ed28170) Importer(815301076,1909f56bfc062723c751e8b465ee728b) (PreviewImporter) -> (Import Result ID: '998412c85d4bc2021d28832fb766e3fb') in 4.4742892 seconds [static and dynamic dependencies]. Details - ImportResultOutputID=78e6d7f0de2021b9e9df1ea66ce53756 DependenciesID=4ee624786be997cdeb81e53e978507ce StaticDependenciesID=94fdb1b7001325050dc6fd4d80f4cb70 
Number of updated asset objects reloaded before import = 0Number of asset objects unloaded after import = 11

========================================================================
Received Import Request.
  Time since last request: 18.729456 seconds.
  path: Assets/Prefabs/Ammunition/BigMedKit.prefab
  importAddress: Guid(7b1bf2e35638de34dbed62c20ed28170) Importer(815301076,1909f56bfc062723c751e8b465ee728b)
Start importing Assets/Prefabs/Ammunition/BigMedKit.prefab using Guid(7b1bf2e35638de34dbed62c20ed28170) Importer(815301076,1909f56bfc062723c751e8b465ee728b) (PreviewImporter) -> (Import Result ID: 'c1448c5149446d43930e3011eacaf88f') in 0.0101797 seconds [static and dynamic dependencies]. Details - ImportResultOutputID=78e6d7f0de2021b9e9df1ea66ce53756 DependenciesID=c42811f4befc0ad3113ad0fae783e4aa StaticDependenciesID=dffc80863e4495b5d05b751fa5357068 
Number of updated asset objects reloaded before import = 0Number of asset objects unloaded after import = 11

========================================================================
Received Import Request.
  Time since last request: 3.707671 seconds.
  path: Assets/Prefabs/Ammunition/BigMedKit.prefab
  importAddress: Guid(7b1bf2e35638de34dbed62c20ed28170) Importer(815301076,1909f56bfc062723c751e8b465ee728b)
Start importing Assets/Prefabs/Ammunition/BigMedKit.prefab using Guid(7b1bf2e35638de34dbed62c20ed28170) Importer(815301076,1909f56bfc062723c751e8b465ee728b) (PreviewImporter) -> (Import Result ID: '054be12e210b6429777890cc7a2bc4b6') in 0.0182373 seconds [static and dynamic dependencies]. Details - ImportResultOutputID=78e6d7f0de2021b9e9df1ea66ce53756 DependenciesID=0e0edc312eb37d148dac9a6cf4052d68 StaticDependenciesID=df12b93e4edb52cbe34ed706ced03e0f 
Number of updated asset objects reloaded before import = 0Number of asset objects unloaded after import = 10

========================================================================
Received Import Request.
  Time since last request: 5.396349 seconds.
  path: Assets/Prefabs/Ammunition/BigMedKit.prefab
  importAddress: Guid(7b1bf2e35638de34dbed62c20ed28170) Importer(815301076,1909f56bfc062723c751e8b465ee728b)
Start importing Assets/Prefabs/Ammunition/BigMedKit.prefab using Guid(7b1bf2e35638de34dbed62c20ed28170) Importer(815301076,1909f56bfc062723c751e8b465ee728b) (PreviewImporter) -> (Import Result ID: '5b3c1dad0404c24848b9661d8a91187b') in 0.008815 seconds [static and dynamic dependencies]. Details - ImportResultOutputID=78e6d7f0de2021b9e9df1ea66ce53756 DependenciesID=f3651576a79f26fc017bbfe61acc51c9 StaticDependenciesID=df56ff9d4cc94fd6ae74981d8f49577f 
Number of updated asset objects reloaded before import = 0Number of asset objects unloaded after import = 11

========================================================================
Received Import Request.
  Time since last request: 6.210210 seconds.
  path: Assets/Sprites/2026-04-17_191006-Photoroom.png
  importAddress: Guid(0c303bfabac6fb644bde558a0b8617f3) Importer(815301076,1909f56bfc062723c751e8b465ee728b)
Start importing Assets/Sprites/2026-04-17_191006-Photoroom.png using Guid(0c303bfabac6fb644bde558a0b8617f3) Importer(815301076,1909f56bfc062723c751e8b465ee728b) (PreviewImporter) -> (Import Result ID: '1ac11cc8390c25936b0153eab0a2cf4a') in 0.0285352 seconds [static and dynamic dependencies]. Details - ImportResultOutputID=325981fa77e2778904d4302a64623865 DependenciesID=b63e209e86bbc6e07867195b3d88d62d StaticDependenciesID=e1c07d15408bb5e11766b07f5a2994df 
Number of updated asset objects reloaded before import = 0Number of asset objects unloaded after import = 2

========================================================================
Received Import Request.
  Time since last request: 24.905845 seconds.
  path: Assets/Prefabs/Ammunition/BigMedKit.prefab
  importAddress: Guid(7b1bf2e35638de34dbed62c20ed28170) Importer(815301076,1909f56bfc062723c751e8b465ee728b)
Start importing Assets/Prefabs/Ammunition/BigMedKit.prefab using Guid(7b1bf2e35638de34dbed62c20ed28170) Importer(815301076,1909f56bfc062723c751e8b465ee728b) (PreviewImporter) -> (Import Result ID: 'ff46ac6a651556d2d7f0a7fae3037fc0') in 0.0154561 seconds [static and dynamic dependencies]. Details - ImportResultOutputID=182f1dd021ae396cee45d8e3ee39a491 DependenciesID=d881e3d6313f5fccc2f5e3f3b2b093be StaticDependenciesID=e68b2eae2fbffa4ea2b806fca4896538 
Number of updated asset objects reloaded before import = 0Number of asset objects unloaded after import = 13

========================================================================
Received Import Request.
  Time since last request: 66.590036 seconds.
  path: Assets/Prefabs/Ammunition/BigMedKit.prefab
  importAddress: Guid(7b1bf2e35638de34dbed62c20ed28170) Importer(815301076,1909f56bfc062723c751e8b465ee728b)
Start importing Assets/Prefabs/Ammunition/BigMedKit.prefab using Guid(7b1bf2e35638de34dbed62c20ed28170) Importer(815301076,1909f56bfc062723c751e8b465ee728b) (PreviewImporter) -> (Import Result ID: '56d08aab6d901abdc4e50c095206f418') in 0.015335 seconds [static and dynamic dependencies]. Details - ImportResultOutputID=fae0b099d33cf4b032122932c714d960 DependenciesID=9bedbe892a628ba88439539609531f71 StaticDependenciesID=cf22a7f0a4e5832fe0cdf06e333dc692 
Number of updated asset objects reloaded before import = 0Number of asset objects unloaded after import = 13

========================================================================
Received Import Request.
  Time since last request: 21.545823 seconds.
  path: Assets/Prefabs/Ammunition/BigMedKit.prefab
  importAddress: Guid(7b1bf2e35638de34dbed62c20ed28170) Importer(2089858483,b0f066a214c2f5e87bad3c948f4d605d)
Start importing Assets/Prefabs/Ammunition/BigMedKit.prefab using Guid(7b1bf2e35638de34dbed62c20ed28170) Importer(2089858483,b0f066a214c2f5e87bad3c948f4d605d) (ScriptedImporter) -> (Import Result ID: '8d3a9fbbed7c61d1387c309906944b2c') in 0.1100893 seconds [static and dynamic dependencies]. Details - ImportResultOutputID=986b8c1c074779f5a2d193b9d5413315 DependenciesID=7b7bd5648193f1c509993305976feddf StaticDependenciesID=51e840606d1bc7c27d2421ec4a982cdd 
Number of updated asset objects reloaded before import = 0Number of asset objects unloaded after import = 11

========================================================================
Received Import Request.
  Time since last request: 0.000086 seconds.
  path: Assets/Sprites/Materials/BigMedKit 3.mat
  importAddress: Guid(9015b4199334c66479742d49d4898902) Importer(2089858483,b0f066a214c2f5e87bad3c948f4d605d)
Start importing Assets/Sprites/Materials/BigMedKit 3.mat using Guid(9015b4199334c66479742d49d4898902) Importer(2089858483,b0f066a214c2f5e87bad3c948f4d605d) (ScriptedImporter) -> (Import Result ID: 'bdbe914d5586fa0a722ec847140d5f7e') in 0.0206238 seconds [static and dynamic dependencies]. Details - ImportResultOutputID=3ccf43c4f45f0539455c4224d6819b0d DependenciesID=863e1d802486e0ea6ae7dd4ae411b500 StaticDependenciesID=8bf1689eb00aaa359a8381cb70dabf16 
Number of updated asset objects reloaded before import = 0Number of asset objects unloaded after import = 2

========================================================================
Received Import Request.
  Time since last request: 0.000038 seconds.
  path: Assets/Sprites/Materials/BigMedKit 4.mat
  importAddress: Guid(393d917ea8442f44b86ff834faf255b3) Importer(2089858483,b0f066a214c2f5e87bad3c948f4d605d)
Start importing Assets/Sprites/Materials/BigMedKit 4.mat using Guid(393d917ea8442f44b86ff834faf255b3) Importer(2089858483,b0f066a214c2f5e87bad3c948f4d605d) (ScriptedImporter) -> (Import Result ID: 'e2e9a78904536307ead27a4fa69601bd') in 0.0146375 seconds [static and dynamic dependencies]. Details - ImportResultOutputID=a32360d354002a318a4da02b3a23ee8d DependenciesID=dab6dbbc3e752a974a362a3fc94dfdaa StaticDependenciesID=ec2ee2ad75fc27d6f8a94a08e57fd256 
Number of updated asset objects reloaded before import = 0Number of asset objects unloaded after import = 2

========================================================================
Received Import Request.
  Time since last request: 3.427665 seconds.
  path: Assets/Prefabs/Ammunition/SmallMedKit.prefab
  importAddress: Guid(7b1bf2e35638de34dbed62c20ed28170) Importer(815301076,1909f56bfc062723c751e8b465ee728b)
Start importing Assets/Prefabs/Ammunition/SmallMedKit.prefab using Guid(7b1bf2e35638de34dbed62c20ed28170) Importer(815301076,1909f56bfc062723c751e8b465ee728b) (PreviewImporter) -> (Import Result ID: 'ae7ab2b26db717399ba92d98de2351eb') in 0.0102205 seconds [static and dynamic dependencies]. Details - ImportResultOutputID=fae0b099d33cf4b032122932c714d960 DependenciesID=0db94e75ce34150b80c3b692704e423f StaticDependenciesID=21ef411298c1e67a8036d18d2650b0f6 
Number of updated asset objects reloaded before import = 0Number of asset objects unloaded after import = 13

========================================================================
Received Import Request.
  Time since last request: 0.920314 seconds.
  path: Assets/Prefabs/Ammunition/SmallMedKit.prefab
  importAddress: Guid(7b1bf2e35638de34dbed62c20ed28170) Importer(2089858483,b0f066a214c2f5e87bad3c948f4d605d)
Start importing Assets/Prefabs/Ammunition/SmallMedKit.prefab using Guid(7b1bf2e35638de34dbed62c20ed28170) Importer(2089858483,b0f066a214c2f5e87bad3c948f4d605d) (ScriptedImporter) -> (Import Result ID: 'bc4e9a53fdc637408584e2499c553222') in 0.0114148 seconds [static and dynamic dependencies]. Details - ImportResultOutputID=ee0dd92af90136fc9e879efff9b962a0 DependenciesID=6353d1553bcd660744952e9c0e4e40f2 StaticDependenciesID=41e84996877b4013d5ae61b28e019e3a 
Number of updated asset objects reloaded before import = 0Number of asset objects unloaded after import = 11

========================================================================
Received Import Request.
  Time since last request: 8.310395 seconds.
  path: Assets/Prefabs/Ammunition/SmallMedKit 1.prefab
  importAddress: Guid(5055d2b308adddf408e102becca84f80) Importer(815301076,1909f56bfc062723c751e8b465ee728b)
Start importing Assets/Prefabs/Ammunition/SmallMedKit 1.prefab using Guid(5055d2b308adddf408e102becca84f80) Importer(815301076,1909f56bfc062723c751e8b465ee728b) (PreviewImporter) -> (Import Result ID: '7bee39a1a953944b6268a2e70d07a49a') in 0.0102514 seconds [static and dynamic dependencies]. Details - ImportResultOutputID=74a485c1620030159c0c67faedae0a5b DependenciesID=da37de12f3fb28cf4fac8636cdefdf55 StaticDependenciesID=01da8c7823833f90defb9fea75dfdbaa 
Number of updated asset objects reloaded before import = 0Number of asset objects unloaded after import = 13

========================================================================
Received Import Request.
  Time since last request: 0.941083 seconds.
  path: Assets/Prefabs/Ammunition/SmallMedKit 1.prefab
  importAddress: Guid(5055d2b308adddf408e102becca84f80) Importer(2089858483,b0f066a214c2f5e87bad3c948f4d605d)
Start importing Assets/Prefabs/Ammunition/SmallMedKit 1.prefab using Guid(5055d2b308adddf408e102becca84f80) Importer(2089858483,b0f066a214c2f5e87bad3c948f4d605d) (ScriptedImporter) -> (Import Result ID: '9ef901fa357d971f3311a52f1a3d2645') in 0.0124105 seconds [static and dynamic dependencies]. Details - ImportResultOutputID=1f08327510679c9680f340c12af03d1b DependenciesID=efc362d5f00cb56881faf923cc949cb3 StaticDependenciesID=1c90aa9f94d29763a32753c97fe3bf85 
Number of updated asset objects reloaded before import = 0Number of asset objects unloaded after import = 11

========================================================================
Received Import Request.
  Time since last request: 11.926558 seconds.
  path: Assets/Prefabs/Ammunition/BigMedKit.prefab
  importAddress: Guid(5055d2b308adddf408e102becca84f80) Importer(815301076,1909f56bfc062723c751e8b465ee728b)
Start importing Assets/Prefabs/Ammunition/BigMedKit.prefab using Guid(5055d2b308adddf408e102becca84f80) Importer(815301076,1909f56bfc062723c751e8b465ee728b) (PreviewImporter) -> (Import Result ID: '7109e90d0d98c3dae8a77d96eb51a368') in 0.0095772 seconds [static and dynamic dependencies]. Details - ImportResultOutputID=74a485c1620030159c0c67faedae0a5b DependenciesID=9160f5f8f1c976442ea89b8e567bd36f StaticDependenciesID=c9cbc6fa0e45823011986c33b7180fcf 
Number of updated asset objects reloaded before import = 0Number of asset objects unloaded after import = 13

========================================================================
Received Import Request.
  Time since last request: 0.927245 seconds.
  path: Assets/Prefabs/Ammunition/BigMedKit.prefab
  importAddress: Guid(5055d2b308adddf408e102becca84f80) Importer(2089858483,b0f066a214c2f5e87bad3c948f4d605d)
Start importing Assets/Prefabs/Ammunition/BigMedKit.prefab using Guid(5055d2b308adddf408e102becca84f80) Importer(2089858483,b0f066a214c2f5e87bad3c948f4d605d) (ScriptedImporter) -> (Import Result ID: '3065ea672a41b9012003d7ae28ab25eb') in 0.0108676 seconds [static and dynamic dependencies]. Details - ImportResultOutputID=455caf0db0ade0ee192207cd9330299a DependenciesID=de6459dd1f3937f36441c56daae17493 StaticDependenciesID=38854807624e6fcacbe03edae3e0a1a4 
Number of updated asset objects reloaded before import = 0Number of asset objects unloaded after import = 11

========================================================================
Received Import Request.
  Time since last request: 20.148425 seconds.
  path: Assets/Sprites/BBIG.png
  importAddress: Guid(584501c6ce55e5c49808913e0a362785) Importer(2089858483,b0f066a214c2f5e87bad3c948f4d605d)
Start importing Assets/Sprites/BBIG.png using Guid(584501c6ce55e5c49808913e0a362785) Importer(2089858483,b0f066a214c2f5e87bad3c948f4d605d) (ScriptedImporter) -> (Import Result ID: '0f4565774a64e97c43ce98517cbfecc4') in 0.0782029 seconds [static and dynamic dependencies]. Details - ImportResultOutputID=e7f50008cf338c1fc3714664ae138829 DependenciesID=3bc2a30e8937a21c38cb4bcb16bf0d46 StaticDependenciesID=795c355d49eb1af3bac0caf87d3e80a4 
Number of updated asset objects reloaded before import = 0Number of asset objects unloaded after import = 1

========================================================================
Received Import Request.
  Time since last request: 1.118156 seconds.
  path: Assets/Sprites
  importAddress: Guid(f1004d053d55811478ef2670cf996901) Importer(815301076,1909f56bfc062723c751e8b465ee728b)
Start importing Assets/Sprites using Guid(f1004d053d55811478ef2670cf996901) Importer(815301076,1909f56bfc062723c751e8b465ee728b) (PreviewImporter) -> (Import Result ID: '9d1614d89f9952439ddb634b86f7a0f3') in 0.0006254 seconds [static and dynamic dependencies]. Details - ImportResultOutputID=429864cd2b04b6ce47e56a038b8d058d DependenciesID=9c9126ce42d7e01693f2815fa0baa3b4 StaticDependenciesID=892382f062436dbe95f78c839102e94b 
Number of updated asset objects reloaded before import = 0Number of asset objects unloaded after import = 0

========================================================================
Received Import Request.
  Time since last request: 0.004839 seconds.
  path: Assets/Sprites/BBIG.png
  importAddress: Guid(584501c6ce55e5c49808913e0a362785) Importer(815301076,1909f56bfc062723c751e8b465ee728b)
Start importing Assets/Sprites/BBIG.png using Guid(584501c6ce55e5c49808913e0a362785) Importer(815301076,1909f56bfc062723c751e8b465ee728b) (PreviewImporter) -> (Import Result ID: '05936d8b5ac3e142784a4e628a6363be') in 0.014797 seconds [static and dynamic dependencies]. Details - ImportResultOutputID=6ca79055cb0edc16fcd8425215218b54 DependenciesID=3ff5b917a3efe66ff70da6179b7bae75 StaticDependenciesID=fdc6a49e1d21d1a344c5fcd77733eaf5 
Number of updated asset objects reloaded before import = 0Number of asset objects unloaded after import = 2

========================================================================
Received Import Request.
  Time since last request: 3.257585 seconds.
  path: Assets/Sprites/Materials/BBIG.mat
  importAddress: Guid(33d87a60f1448064390e81affb26dc76) Importer(2089858483,b0f066a214c2f5e87bad3c948f4d605d)
Start importing Assets/Sprites/Materials/BBIG.mat using Guid(33d87a60f1448064390e81affb26dc76) Importer(2089858483,b0f066a214c2f5e87bad3c948f4d605d) (ScriptedImporter) -> (Import Result ID: 'e9bd6929dd01418aa990e381427db44a') in 0.0249004 seconds [static and dynamic dependencies]. Details - ImportResultOutputID=815c33fa54aab7e227e7eaeaa8ff0167 DependenciesID=289dc1dd6d17805eba319219dbee00a8 StaticDependenciesID=8a6f07fd4ee090907f9e619d735086f9 
Number of updated asset objects reloaded before import = 0Number of asset objects unloaded after import = 2

========================================================================
Received Import Request.
  Time since last request: 46.861522 seconds.
  path: Assets/Sprites/BigAmmo.png
  importAddress: Guid(0c303bfabac6fb644bde558a0b8617f3) Importer(815301076,1909f56bfc062723c751e8b465ee728b)
Start importing Assets/Sprites/BigAmmo.png using Guid(0c303bfabac6fb644bde558a0b8617f3) Importer(815301076,1909f56bfc062723c751e8b465ee728b) (PreviewImporter) -> (Import Result ID: 'ed3e6085c88f5ea859fbe65e45b71379') in 0.015626 seconds [static and dynamic dependencies]. Details - ImportResultOutputID=325981fa77e2778904d4302a64623865 DependenciesID=a317315cf67a205f40a362a5958099ae StaticDependenciesID=165ceec37a77ba2652b78252780f642a 
Number of updated asset objects reloaded before import = 0Number of asset objects unloaded after import = 2

========================================================================
Received Import Request.
  Time since last request: 1.019610 seconds.
  path: Assets/Sprites/BigAmmo.png
  importAddress: Guid(0c303bfabac6fb644bde558a0b8617f3) Importer(2089858483,b0f066a214c2f5e87bad3c948f4d605d)
Start importing Assets/Sprites/BigAmmo.png using Guid(0c303bfabac6fb644bde558a0b8617f3) Importer(2089858483,b0f066a214c2f5e87bad3c948f4d605d) (ScriptedImporter) -> (Import Result ID: 'de1572417575a64ac4977c5544daceea') in 0.0146512 seconds [static and dynamic dependencies]. Details - ImportResultOutputID=f3309bdb5e65d82d2081385ac6337c75 DependenciesID=2d239167acb84482414ee89b2c03c90e StaticDependenciesID=a5b2328881693a2660b1827a935269de 
Number of updated asset objects reloaded before import = 0Number of asset objects unloaded after import = 1

