[Licensing::Module] Trying to connect to existing licensing client channel...
Built from '6000.4/staging' branch; Version is '6000.4.2f1 (7a4c1aeef971) revision 8014874'; Using compiler version '194234433'; Build Type 'Release'
OS: 'Windows 11  (10.0.26200) Professional' Language: 'ru' Physical Memory: 16290 MB
[Licensing::IpcConnector] Successfully connected to: "LicenseClient-timmb" at "2026-04-19T14:58:47.0065832Z"
BatchMode: 1, IsHumanControllingUs: 0, StartBugReporterOnCrash: 0, Is64bit: 1
System  architecture: x64
Process architecture: x64
Date: 2026-04-19T14:58:47Z

COMMAND LINE ARGUMENTS:
C:\Program Files\Unity\Hub\Editor\6000.4.2f1\Editor\Unity.exe
-adb2
-batchMode
-noUpm
-name
AssetImportWorker1
-projectPath
X:/pigeon/PigeonGame
-logFile
Logs/AssetImportWorker1.log
-srvPort
50279
-licensingIpc
LicenseClient-timmb
-force-d3d12
-job-worker-count
5
-background-job-worker-count
8
-gc-helper-count
1
-name
AssetImport
Successfully changed project path to: X:/pigeon/PigeonGame
X:/pigeon/PigeonGame
[UnityMemory] Configuration Parameters - Can be set up in boot.config
    "memorysetup-temp-allocator-size-gi-baking-worker=262144"
    "memorysetup-temp-allocator-size-gi-baking-worker=262144"
    "memorysetup-temp-allocator-size-gi-baking-worker=262144"
    "memorysetup-temp-allocator-size-gi-baking-worker=262144"
    "memorysetup-temp-allocator-size-gi-baking-worker=262144"
    "memorysetup-temp-allocator-size-nav-mesh-worker=65536"
    "memorysetup-temp-allocator-size-audio-worker=65536"
    "memorysetup-temp-allocator-size-cloud-worker=32768"
    "memorysetup-temp-allocator-size-gfx=262144"
    "memorysetup-temp-allocator-size-preload-manager=33554432"
    "memorysetup-temp-allocator-size-job-worker=262144"
    "memorysetup-temp-allocator-size-background-worker=32768"
    "memorysetup-allocator-temp-initial-block-size-main=262144"
    "memorysetup-allocator-temp-initial-block-size-worker=262144"
    "memorysetup-bucket-allocator-granularity=16"
    "memorysetup-bucket-allocator-bucket-count=8"
    "memorysetup-bucket-allocator-block-size=33554432"
    "memorysetup-bucket-allocator-block-count=8"
    "memorysetup-main-allocator-block-size=16777216"
    "memorysetup-thread-allocator-block-size=16777216"
    "memorysetup-gfx-main-allocator-block-size=16777216"
    "memorysetup-gfx-thread-allocator-block-size=16777216"
    "memorysetup-cache-allocator-block-size=4194304"
    "memorysetup-typetree-allocator-block-size=2097152"
    "memorysetup-profiler-bucket-allocator-granularity=16"
    "memorysetup-profiler-bucket-allocator-bucket-count=8"
    "memorysetup-profiler-bucket-allocator-block-size=33554432"
    "memorysetup-profiler-bucket-allocator-block-count=8"
    "memorysetup-profiler-allocator-block-size=16777216"
    "memorysetup-profiler-editor-allocator-block-size=1048576"
    "memorysetup-temp-allocator-size-main=16777216"
    "memorysetup-job-temp-allocator-block-size=2097152"
    "memorysetup-job-temp-allocator-block-size-background=1048576"
    "memorysetup-job-temp-allocator-reduction-small-platforms=262144"
Player connection [21716]  Target information:

Player connection [21716]  * "[IP] 192.168.1.42 [Port] 0 [Flags] 2 [Guid] 2122576520 [EditorId] 2122576520 [Version] 1048832 [Id] WindowsEditor(7,Sp1noguz) [Debug] 1 [PackageName] WindowsEditor [ProjectName] Editor" 

Player connection [21716] Host joined multi-casting on [225.0.0.222:54997]...
Player connection [21716] Host joined alternative multi-casting on [225.0.0.222:34997]...
JobSystem: Creating JobQueue using job-worker-count value 5
Input System module state changed to: Initialized.
[Physics::Module] Initialized fallback backend.
[Physics::Module] Id: 0xdecafbad
Library Redirect Path: Library/
[Physics::Module] Selected backend.
[Physics::Module] Name: PhysX
[Physics::Module] Id: 0xf2b8ea05
[Physics::Module] SDK Version: 4.1.2
[Physics::Module] Integration Version: 1.0.0
[Physics::Module] Threading Mode: Multi-Threaded
Refreshing native plugins compatible for Editor in 3.17 ms, found 4 plugins.
Initialize engine version: 6000.4.2f1 (7a4c1aeef971)
[Subsystems] Discovering subsystems at path C:/Program Files/Unity/Hub/Editor/6000.4.2f1/Editor/Data/Resources/UnitySubsystems
[Subsystems] Discovering subsystems at path X:/pigeon/PigeonGame/Assets
Forcing GfxDevice: Direct3D 12
GfxDevice: creating device client; kGfxThreadingModeNonThreaded
d3d12: failed to query info queue interface (0x80004002).
Direct3D:
    Version:         Direct3D 12 [level 11.0]
    Renderer:        NVIDIA GeForce GT 740 (ID=0xfc8)
    Vendor:          NVIDIA
    VRAM:            984 MB
    App VRAM Budget: 836 MB
    Driver:          30.0.14.7514
Initialize mono
Mono path[0] = 'C:/Program Files/Unity/Hub/Editor/6000.4.2f1/Editor/Data/Managed'
Mono path[1] = 'C:/Program Files/Unity/Hub/Editor/6000.4.2f1/Editor/Data/MonoBleedingEdge/lib/mono/unityjit-win32'
Mono config path = 'C:/Program Files/Unity/Hub/Editor/6000.4.2f1/Editor/Data/MonoBleedingEdge/etc'
Using monoOptions --debugger-agent=transport=dt_socket,embedding=1,server=y,suspend=n,address=127.0.0.1:56176
CodeReloadManager initialized
Begin MonoManager ReloadAssembly
Registering precompiled unity dll's ...
Register platform support module: C:/Program Files/Unity/Hub/Editor/6000.4.2f1/Editor/Data/PlaybackEngines/WebGLSupport/UnityEditor.WebGL.Extensions.dll
Register platform support module: C:/Program Files/Unity/Hub/Editor/6000.4.2f1/Editor/Data/PlaybackEngines/WindowsStandaloneSupport/UnityEditor.WindowsStandalone.Extensions.dll
Registered in 0.001996 seconds.
Native extension for WindowsStandalone target not found
Native extension for WebGL target not found
Package Manager log level set to [2]
[Package Manager] Failed to launch server process. Reason: Unity was launched with the -noUpm command-line argument
[Package Manager] Unable to send message (not connected to server process).
[Package Manager] Cannot connect to Unity Package Manager local server
ScheduleIndexationOnStartup MainProcess:False IndexOnStartup:True
Mono: successfully reloaded assembly
- Finished resetting the current domain, in  0.487 seconds
Domain Reload Profiling: 1041ms
	BeginReloadAssembly (147ms)
	RebuildCommonClasses (45ms)
	RebuildNativeTypeToScriptingClass (16ms)
	initialDomainReloadingComplete (79ms)
	LoadAllAssembliesAndSetupDomain (264ms)
		LoadAssemblies (144ms)
		AnalyzeDomain (254ms)
			TypeCache.Refresh (253ms)
				TypeCache.ScanAssembly (235ms)
	FinalizeReload (489ms)
		SetupLoadedEditorAssemblies (0ms)
			InitializePlatformSupportModulesInManaged (54ms)
			BeforeProcessingInitializeOnLoad (106ms)
			ProcessInitializeOnLoadAttributes (131ms)
			ProcessInitializeOnLoadMethodAttributes (103ms)
========================================================================
Worker process is ready to serve import requests
Import Worker Mode flag is 0x00
Begin MonoManager ReloadAssembly
[Licensing::Module] Licensing is not yet initialized.
[Licensing::Client] Error: HandshakeResponse reported an error:
	ResponseCode: 505
	ResponseStatus: Unsupported protocol version '1.18.1'.
[Licensing::Module] Error: Failed to handshake to channel: "LicenseClient-timmb"
[Licensing::IpcConnector] LicenseClient-timmb channel disconnected successfully.
[Licensing::IpcConnector] Successfully connected to: "LicenseClient-timmb-6000.4.2" at "2026-04-19T14:58:49.7340469Z"
[Licensing::Client] Handshaking with LicensingClient:
  Version:                 1.18.1+9fbee8e
  Session Id:              f0b6b2f1f390472d83f4955dd666745f
  Correlation Id:          06b0a168a4d604bbd93af38edf712473
  External correlation Id: 7563531375716938596
  Machine Id:              cmfhQ4mhkY2n22zs8ZDohmKt/U8=
[Licensing::Module] Successfully connected to LicensingClient on channel: "LicenseClient-timmb-6000.4.2" (connect: 0.00s, validation: 0.00s, handshake: 2.49s)
[Licensing::IpcConnector] Successfully connected to: "LicenseClient-timmb-6000.4.2-notifications" at "2026-04-19T14:58:52.2240079Z"
[Licensing::Module] Licensing Background thread has ended after 5.22s
[Licensing::Module] Licensing is initialized (took 2.96s).
[Licensing::Client] Successfully resolved entitlement details
[Licensing::Module] License group:
  Id: 7972558865213-UnityPersXXXX
  Product: Unity Personal
  Type: Assigned
  Expiration: Unlimited
Assembly Assembly-CSharp-Editor-firstpass.dll at Library/ScriptAssemblies/Assembly-CSharp-Editor-firstpass.dll not valid. Loading of assembly skipped.
Assembly Assembly-CSharp-firstpass.dll at Library/ScriptAssemblies/Assembly-CSharp-firstpass.dll not valid. Loading of assembly skipped.
Assembly DocCodeExamples.dll at Library/ScriptAssemblies/DocCodeExamples.dll not valid. Loading of assembly skipped.
Assembly TestNewCustomAssembly.dll at Library/ScriptAssemblies/TestNewCustomAssembly.dll not valid. Loading of assembly skipped.
Assembly Unity.Collections.BurstCompatibilityGen.dll at Library/ScriptAssemblies/Unity.Collections.BurstCompatibilityGen.dll not valid. Loading of assembly skipped.
Assembly Unity.Collections.DocCodeSamples.dll at Library/ScriptAssemblies/Unity.Collections.DocCodeSamples.dll not valid. Loading of assembly skipped.
Assembly Unity.Collections.PerformanceTests.dll at Library/ScriptAssemblies/Unity.Collections.PerformanceTests.dll not valid. Loading of assembly skipped.
Assembly Unity.Collections.Tests.dll at Library/ScriptAssemblies/Unity.Collections.Tests.dll not valid. Loading of assembly skipped.
Assembly Unity.Collections.Tests.Playmode.dll at Library/ScriptAssemblies/Unity.Collections.Tests.Playmode.dll not valid. Loading of assembly skipped.
Assembly Unity.InputSystem.IntegrationTests.dll at Library/ScriptAssemblies/Unity.InputSystem.IntegrationTests.dll not valid. Loading of assembly skipped.
Assembly Unity.Mathematics.Tests.dll at Library/ScriptAssemblies/Unity.Mathematics.Tests.dll not valid. Loading of assembly skipped.
Assembly Unity.Multiplayer.Center.Editor.Tests.dll at Library/ScriptAssemblies/Unity.Multiplayer.Center.Editor.Tests.dll not valid. Loading of assembly skipped.
Assembly Unity.Multiplayer.Center.Tests.dll at Library/ScriptAssemblies/Unity.Multiplayer.Center.Tests.dll not valid. Loading of assembly skipped.
Assembly Unity.Nuget.Mono-Cecil.dll at Library/ScriptAssemblies/Unity.Nuget.Mono-Cecil.dll not valid. Loading of assembly skipped.
Assembly Unity.PathTracing.Editor.Tests.dll at Library/ScriptAssemblies/Unity.PathTracing.Editor.Tests.dll not valid. Loading of assembly skipped.
Assembly Unity.PathTracing.Runtime.Tests.dll at Library/ScriptAssemblies/Unity.PathTracing.Runtime.Tests.dll not valid. Loading of assembly skipped.
Assembly Unity.RenderPipelines.Core.Editor.Tests.dll at Library/ScriptAssemblies/Unity.RenderPipelines.Core.Editor.Tests.dll not valid. Loading of assembly skipped.
Assembly Unity.RenderPipelines.Core.Runtime.Tests.dll at Library/ScriptAssemblies/Unity.RenderPipelines.Core.Runtime.Tests.dll not valid. Loading of assembly skipped.
Assembly Unity.RenderPipelines.Universal.Config.Editor.Tests.dll at Library/ScriptAssemblies/Unity.RenderPipelines.Universal.Config.Editor.Tests.dll not valid. Loading of assembly skipped.
Assembly Unity.RenderPipelines.Universal.Editor.Tests.dll at Library/ScriptAssemblies/Unity.RenderPipelines.Universal.Editor.Tests.dll not valid. Loading of assembly skipped.
Assembly Unity.RenderPipelines.Universal.Runtime.Tests.dll at Library/ScriptAssemblies/Unity.RenderPipelines.Universal.Runtime.Tests.dll not valid. Loading of assembly skipped.
Assembly Unity.Searcher.EditorTests.dll at Library/ScriptAssemblies/Unity.Searcher.EditorTests.dll not valid. Loading of assembly skipped.
Assembly Unity.ShaderGraph.Editor.Tests.dll at Library/ScriptAssemblies/Unity.ShaderGraph.Editor.Tests.dll not valid. Loading of assembly skipped.
Assembly Unity.TextMeshPro.Editor.Tests.dll at Library/ScriptAssemblies/Unity.TextMeshPro.Editor.Tests.dll not valid. Loading of assembly skipped.
Assembly Unity.TextMeshPro.Tests.dll at Library/ScriptAssemblies/Unity.TextMeshPro.Tests.dll not valid. Loading of assembly skipped.
Assembly Unity.UnifiedRayTracing.Editor.Tests.dll at Library/ScriptAssemblies/Unity.UnifiedRayTracing.Editor.Tests.dll not valid. Loading of assembly skipped.
Assembly UnityEditor.UI.Common.Tests.dll at Library/ScriptAssemblies/UnityEditor.UI.Common.Tests.dll not valid. Loading of assembly skipped.
Assembly UnityEditor.UI.EditorTests.dll at Library/ScriptAssemblies/UnityEditor.UI.EditorTests.dll not valid. Loading of assembly skipped.
Assembly UnityEngine.UI.Tests.dll at Library/ScriptAssemblies/UnityEngine.UI.Tests.dll not valid. Loading of assembly skipped.
Native extension for WindowsStandalone target not found
Native extension for WebGL target not found
[Package Manager] Failed to launch server process. Reason: Unity was launched with the -noUpm command-line argument
[Package Manager] Unable to send message (not connected to server process).
[Package Manager] Cannot connect to Unity Package Manager local server
[Package Manager] Failed to launch server process. Reason: Unity was launched with the -noUpm command-line argument
[Package Manager] Unable to send message (not connected to server process).
[Package Manager] Cannot connect to Unity Package Manager local server
ScheduleIndexationOnStartup MainProcess:False IndexOnStartup:True
Mono: successfully reloaded assembly
- Finished resetting the current domain, in  0.853 seconds
Domain Reload Profiling: 4712ms
	BeginReloadAssembly (3172ms)
		DisableScriptedObjects (7ms)
		CreateAndSetChildDomain (31ms)
	RebuildCommonClasses (44ms)
	RebuildNativeTypeToScriptingClass (16ms)
	initialDomainReloadingComplete (73ms)
	LoadAllAssembliesAndSetupDomain (553ms)
		LoadAssemblies (364ms)
		AnalyzeDomain (303ms)
			TypeCache.Refresh (218ms)
				TypeCache.ScanAssembly (201ms)
			BuildScriptInfoCaches (70ms)
			ResolveRequiredComponents (13ms)
	FinalizeReload (853ms)
		SetupLoadedEditorAssemblies (0ms)
			BeforeProcessingInitializeOnLoad (168ms)
			ProcessInitializeOnLoadAttributes (346ms)
			ProcessInitializeOnLoadMethodAttributes (80ms)
			AfterProcessingInitializeOnLoad (7ms)
		AwakeInstancesAfterBackupRestoration (7ms)
Shader Hidden/ChartRasterizerHardware is not supported: GPU does not support conservative rasterization
Shader Hidden/ChartRasterizerHardware is not supported: GPU does not support conservative rasterization
Launched and connected shader compiler UnityShaderCompiler.exe after 0.01 seconds
Unloading 25 Unused Serialized files (Serialized files now loaded: 0)
Unloading 6545 unused Assets / (6.5 MB). Loaded Objects now: 7351.
Memory consumption went from 154.5 MB to 148.0 MB.
Total: 10.308900 ms (FindLiveObjects: 0.761700 ms CreateObjectMapping: 1.072600 ms MarkObjects: 4.812300 ms  DeleteObjects: 3.660000 ms)

========================================================================
Received Import Request.
  Time since last request: 255804.496187 seconds.
  path: Assets/Sprites/locations/photo_2_2026-04-19_17-59-26.jpg
  importAddress: Guid(75de7061adefbae49a42f501cdc11225) Importer(815301076,1909f56bfc062723c751e8b465ee728b)
Start importing Assets/Sprites/locations/photo_2_2026-04-19_17-59-26.jpg using Guid(75de7061adefbae49a42f501cdc11225) Importer(815301076,1909f56bfc062723c751e8b465ee728b) (PreviewImporter) -> (Import Result ID: 'da2223167818ec7cf521e69fc427405b') in 0.1572023 seconds [static and dynamic dependencies]. Details - ImportResultOutputID=6c52e6759fd610f60e7666fb2238c715 DependenciesID=02d8a8b9ff635fe3244eeaa2baf90e34 StaticDependenciesID=e95797b19c1278abc10123f9b1ef7512 
Number of updated asset objects reloaded before import = 0Number of asset objects unloaded after import = 2

========================================================================
Received Import Request.
  Time since last request: 0.000064 seconds.
  path: Assets/Sprites/locations/photo_12_2026-04-19_17-59-26.jpg
  importAddress: Guid(771a09155558767499f60c7e75965b51) Importer(815301076,1909f56bfc062723c751e8b465ee728b)
Start importing Assets/Sprites/locations/photo_12_2026-04-19_17-59-26.jpg using Guid(771a09155558767499f60c7e75965b51) Importer(815301076,1909f56bfc062723c751e8b465ee728b) (PreviewImporter) -> (Import Result ID: '90754661980d5e74823c539fc266f223') in 0.0176134 seconds [static and dynamic dependencies]. Details - ImportResultOutputID=f8e816b27e95c8a6c696de4fde89278a DependenciesID=ea2b28a88b0c406888e009b3d1655e14 StaticDependenciesID=18c84bba00e3a0ece8f41ddbe89592d7 
Number of updated asset objects reloaded before import = 0Number of asset objects unloaded after import = 2

========================================================================
Received Import Request.
  Time since last request: 0.000031 seconds.
  path: Assets/Sprites/locations/photo_7_2026-04-19_17-59-26.jpg
  importAddress: Guid(5ce43a69f771e19479a095e69a11185f) Importer(815301076,1909f56bfc062723c751e8b465ee728b)
Start importing Assets/Sprites/locations/photo_7_2026-04-19_17-59-26.jpg using Guid(5ce43a69f771e19479a095e69a11185f) Importer(815301076,1909f56bfc062723c751e8b465ee728b) (PreviewImporter) -> (Import Result ID: '86494fc846eedef93cebfa7b17271a7f') in 0.0160235 seconds [static and dynamic dependencies]. Details - ImportResultOutputID=18b6a3fc2221216803bd3b43f5286a05 DependenciesID=c20462d9ab1511592f076201357192fc StaticDependenciesID=7d0caec3f14559532bd3b0eeafdc1dd2 
Number of updated asset objects reloaded before import = 0Number of asset objects unloaded after import = 2

========================================================================
Received Import Request.
  Time since last request: 0.000019 seconds.
  path: Assets/Sprites/locations/photo_3_2026-04-19_17-59-26.jpg
  importAddress: Guid(c83838424ca508641b1e9ce664634902) Importer(815301076,1909f56bfc062723c751e8b465ee728b)
Start importing Assets/Sprites/locations/photo_3_2026-04-19_17-59-26.jpg using Guid(c83838424ca508641b1e9ce664634902) Importer(815301076,1909f56bfc062723c751e8b465ee728b) (PreviewImporter) -> (Import Result ID: 'd0579de26862b615656bf24138622cb9') in 0.0154525 seconds [static and dynamic dependencies]. Details - ImportResultOutputID=71402823513fb873ecdf71ac9b2dfb39 DependenciesID=541c77c8136bc59e87c58a8701db913f StaticDependenciesID=da03a3ea399603d557d6f799f6d14e44 
Number of updated asset objects reloaded before import = 0Number of asset objects unloaded after import = 2

========================================================================
Received Import Request.
  Time since last request: 0.000017 seconds.
  path: Assets/Sprites/locations/photo_9_2026-04-19_17-59-26.jpg
  importAddress: Guid(4bb782e629f995c43948f09466ac9406) Importer(815301076,1909f56bfc062723c751e8b465ee728b)
Start importing Assets/Sprites/locations/photo_9_2026-04-19_17-59-26.jpg using Guid(4bb782e629f995c43948f09466ac9406) Importer(815301076,1909f56bfc062723c751e8b465ee728b) (PreviewImporter) -> (Import Result ID: 'a8dad9b374ea91d2926864b4f8b72cc7') in 0.0230885 seconds [static and dynamic dependencies]. Details - ImportResultOutputID=19b2945ec22f3c06522e962fc4ad981d DependenciesID=44db9609c1ff8d33b01e25e09790ae94 StaticDependenciesID=25bc509ef5b9999b4150643058249b63 
Number of updated asset objects reloaded before import = 0Number of asset objects unloaded after import = 2

========================================================================
Received Import Request.
  Time since last request: 0.000019 seconds.
  path: Assets/Sprites/locations/photo_14_2026-04-19_17-59-26.jpg
  importAddress: Guid(aa928f3cb9045e44ca62f6bbba79a247) Importer(815301076,1909f56bfc062723c751e8b465ee728b)
Start importing Assets/Sprites/locations/photo_14_2026-04-19_17-59-26.jpg using Guid(aa928f3cb9045e44ca62f6bbba79a247) Importer(815301076,1909f56bfc062723c751e8b465ee728b) (PreviewImporter) -> (Import Result ID: '60c4faddbeb295538973002b2b9939a6') in 0.0165346 seconds [static and dynamic dependencies]. Details - ImportResultOutputID=0b6d1eb005838937d812c4941ef852b4 DependenciesID=8029d804db35f037f4dbf859e46e3067 StaticDependenciesID=0c35b990d5c86f9c1af416bb9181a6db 
Number of updated asset objects reloaded before import = 0Number of asset objects unloaded after import = 2

========================================================================
Received Import Request.
  Time since last request: 0.000022 seconds.
  path: Assets/Sprites/locations/photo_11_2026-04-19_17-59-26.jpg
  importAddress: Guid(32b24001ae97c0e40a59d202c42b7381) Importer(815301076,1909f56bfc062723c751e8b465ee728b)
Start importing Assets/Sprites/locations/photo_11_2026-04-19_17-59-26.jpg using Guid(32b24001ae97c0e40a59d202c42b7381) Importer(815301076,1909f56bfc062723c751e8b465ee728b) (PreviewImporter) -> (Import Result ID: 'f846ca6d0f4b8cd3fe43be0213ae1e45') in 0.0168545 seconds [static and dynamic dependencies]. Details - ImportResultOutputID=d88edfbf919e7c8cd01925e662b7a822 DependenciesID=88fa33f2bb639240a2f6770e12a78e84 StaticDependenciesID=dd0ea39598e97d77f932a66c25ecc31b 
Number of updated asset objects reloaded before import = 0Number of asset objects unloaded after import = 2

========================================================================
Received Import Request.
  Time since last request: 0.388199 seconds.
  path: Assets/Sprites/locations/photo_13_2026-04-19_17-59-26.jpg
  importAddress: Guid(0fe4da1e7edba414fa0c871dcab95b2e) Importer(2089858483,b0f066a214c2f5e87bad3c948f4d605d)
Start importing Assets/Sprites/locations/photo_13_2026-04-19_17-59-26.jpg using Guid(0fe4da1e7edba414fa0c871dcab95b2e) Importer(2089858483,b0f066a214c2f5e87bad3c948f4d605d) (ScriptedImporter) -> (Import Result ID: '914ed73a1d8c73b8bfc759123960753a') in 0.1468596 seconds [static and dynamic dependencies]. Details - ImportResultOutputID=f63f9d2498c97681cf0371dc045dec33 DependenciesID=9af8383f903c1f4df0638c6265320d8a StaticDependenciesID=6f180c768cbb385c9ffa5cc276f84a74 
Number of updated asset objects reloaded before import = 0Number of asset objects unloaded after import = 1

========================================================================
Received Import Request.
  Time since last request: 0.000021 seconds.
  path: Assets/Sprites/locations/photo_2_2026-04-19_17-59-26.jpg
  importAddress: Guid(75de7061adefbae49a42f501cdc11225) Importer(2089858483,b0f066a214c2f5e87bad3c948f4d605d)
Start importing Assets/Sprites/locations/photo_2_2026-04-19_17-59-26.jpg using Guid(75de7061adefbae49a42f501cdc11225) Importer(2089858483,b0f066a214c2f5e87bad3c948f4d605d) (ScriptedImporter) -> (Import Result ID: 'e9735f71933f8bd125044dea787af920') in 0.0169748 seconds [static and dynamic dependencies]. Details - ImportResultOutputID=0ff6b6aecb6c630b19aad6951fa712bc DependenciesID=02fb435fa9cc293d555123d10290a128 StaticDependenciesID=8587188410baa30c4cd5abb2b29fd8f0 
Number of updated asset objects reloaded before import = 0Number of asset objects unloaded after import = 1

========================================================================
Received Import Request.
  Time since last request: 0.000030 seconds.
  path: Assets/Sprites/locations/photo_10_2026-04-19_17-59-26.jpg
  importAddress: Guid(f03afc3d2898e454c8dd3ae8524ae0f9) Importer(2089858483,b0f066a214c2f5e87bad3c948f4d605d)
Start importing Assets/Sprites/locations/photo_10_2026-04-19_17-59-26.jpg using Guid(f03afc3d2898e454c8dd3ae8524ae0f9) Importer(2089858483,b0f066a214c2f5e87bad3c948f4d605d) (ScriptedImporter) -> (Import Result ID: '63395ecc682037f1b613643047c8410c') in 0.0180058 seconds [static and dynamic dependencies]. Details - ImportResultOutputID=34050d31ed2f5e381af5bc55d6aa49f6 DependenciesID=17231dc5f8667f4b8b60930a3d573635 StaticDependenciesID=9bb9cdb1666396f791f3220881f32cb6 
Number of updated asset objects reloaded before import = 0Number of asset objects unloaded after import = 1

========================================================================
Received Import Request.
  Time since last request: 0.000021 seconds.
  path: Assets/Sprites/locations/photo_11_2026-04-19_17-59-26.jpg
  importAddress: Guid(32b24001ae97c0e40a59d202c42b7381) Importer(2089858483,b0f066a214c2f5e87bad3c948f4d605d)
Start importing Assets/Sprites/locations/photo_11_2026-04-19_17-59-26.jpg using Guid(32b24001ae97c0e40a59d202c42b7381) Importer(2089858483,b0f066a214c2f5e87bad3c948f4d605d) (ScriptedImporter) -> (Import Result ID: 'a87ab0d9350be4fbc211dc90cc8ee6e4') in 0.0167702 seconds [static and dynamic dependencies]. Details - ImportResultOutputID=54a11a5cf6e28e2a5d82e7c4c4502a04 DependenciesID=da94f084b21216878be98f01710fbea2 StaticDependenciesID=00e26334d680e1a96cc80c09f33d7e1d 
Number of updated asset objects reloaded before import = 0Number of asset objects unloaded after import = 1

========================================================================
Received Import Request.
  Time since last request: 0.000019 seconds.
  path: Assets/Sprites/locations/photo_6_2026-04-19_17-59-26.jpg
  importAddress: Guid(e274f709ddf05e443b9d45d96386b723) Importer(2089858483,b0f066a214c2f5e87bad3c948f4d605d)
Start importing Assets/Sprites/locations/photo_6_2026-04-19_17-59-26.jpg using Guid(e274f709ddf05e443b9d45d96386b723) Importer(2089858483,b0f066a214c2f5e87bad3c948f4d605d) (ScriptedImporter) -> (Import Result ID: 'c0f1bfb32d2a5671b8fba2a0a8d24277') in 0.0174168 seconds [static and dynamic dependencies]. Details - ImportResultOutputID=9692d218c2706d574d103365737a7a80 DependenciesID=80643c5a357d3f597d290a94f0906d07 StaticDependenciesID=5f917f70379edfa1d7c2124eeecffed2 
Number of updated asset objects reloaded before import = 0Number of asset objects unloaded after import = 1

========================================================================
Received Import Request.
  Time since last request: 0.000017 seconds.
  path: Assets/Sprites/locations/photo_5_2026-04-19_17-59-26.jpg
  importAddress: Guid(c619fc852ded1a7459b9eb5b59a9e657) Importer(2089858483,b0f066a214c2f5e87bad3c948f4d605d)
Start importing Assets/Sprites/locations/photo_5_2026-04-19_17-59-26.jpg using Guid(c619fc852ded1a7459b9eb5b59a9e657) Importer(2089858483,b0f066a214c2f5e87bad3c948f4d605d) (ScriptedImporter) -> (Import Result ID: 'cddcf6dcbf04afce20f3e52fccda4afd') in 0.019128 seconds [static and dynamic dependencies]. Details - ImportResultOutputID=4cc9620ecba1161ad8a926f483d7c297 DependenciesID=67c03310197e645c7627f5ed3d5461b7 StaticDependenciesID=c54e44c0316313511934e2ed09c80e30 
Number of updated asset objects reloaded before import = 0Number of asset objects unloaded after import = 1

========================================================================
Received Import Request.
  Time since last request: 0.000023 seconds.
  path: Assets/Sprites/locations/photo_4_2026-04-19_17-59-26.jpg
  importAddress: Guid(f9f2040064534af498a6e430156f11b9) Importer(2089858483,b0f066a214c2f5e87bad3c948f4d605d)
Start importing Assets/Sprites/locations/photo_4_2026-04-19_17-59-26.jpg using Guid(f9f2040064534af498a6e430156f11b9) Importer(2089858483,b0f066a214c2f5e87bad3c948f4d605d) (ScriptedImporter) -> (Import Result ID: '5a196ea0a0dcc41f829ca9ad65648a09') in 0.0164872 seconds [static and dynamic dependencies]. Details - ImportResultOutputID=e86851694228be404b005161b7d46dfd DependenciesID=e2b7ca3338060df7bcc78af2e0d26d97 StaticDependenciesID=bd94e67a50fd033120f220be0be2db16 
Number of updated asset objects reloaded before import = 0Number of asset objects unloaded after import = 1

========================================================================
Received Import Request.
  Time since last request: 4.588959 seconds.
  path: Assets/Sprites/locations/Materials/photo_9_2026-04-19_17-59-26.mat
  importAddress: Guid(4502eec219e664e49a62e8b51d19789b) Importer(2089858483,b0f066a214c2f5e87bad3c948f4d605d)
Start importing Assets/Sprites/locations/Materials/photo_9_2026-04-19_17-59-26.mat using Guid(4502eec219e664e49a62e8b51d19789b) Importer(2089858483,b0f066a214c2f5e87bad3c948f4d605d) (ScriptedImporter) -> (Import Result ID: '1ed8166f755876ceaf3b4f59d47eadbc') in 0.037375 seconds [static and dynamic dependencies]. Details - ImportResultOutputID=4f70af583a11a839a585fcc1f6434839 DependenciesID=b97f8b5f461e15c6594e8ddf889576c0 StaticDependenciesID=9c22f25cce331c12c403fa53a5a90a2e 
Number of updated asset objects reloaded before import = 0Number of asset objects unloaded after import = 2

========================================================================
Received Import Request.
  Time since last request: 62.414885 seconds.
  path: Assets/Sprites/locations/Materials/photo_9_2026-04-19_17-59-26.mat
  importAddress: Guid(4502eec219e664e49a62e8b51d19789b) Importer(2089858483,b0f066a214c2f5e87bad3c948f4d605d)
Start importing Assets/Sprites/locations/Materials/photo_9_2026-04-19_17-59-26.mat using Guid(4502eec219e664e49a62e8b51d19789b) Importer(2089858483,b0f066a214c2f5e87bad3c948f4d605d) (ScriptedImporter) -> (Import Result ID: 'b7f5bcad6cb407d48a7fcd407f7df1c7') in 0.0115181 seconds [static and dynamic dependencies]. Details - ImportResultOutputID=63d79f40a6fe43c1415bd3d8d7fae3fa DependenciesID=09918ee91cd44bf235ecd265244042bf StaticDependenciesID=c38626056f27c68b24bcc67bf95f2bc8 
Number of updated asset objects reloaded before import = 0Number of asset objects unloaded after import = 1

========================================================================
Received Import Request.
  Time since last request: 238.895383 seconds.
  path: Assets/Sprites/locations/Materials/photo_2_2026-04-19_17-59-26.mat
  importAddress: Guid(3cf88e6552777924f92f65b187b4aa2a) Importer(815301076,1909f56bfc062723c751e8b465ee728b)
Start importing Assets/Sprites/locations/Materials/photo_2_2026-04-19_17-59-26.mat using Guid(3cf88e6552777924f92f65b187b4aa2a) Importer(815301076,1909f56bfc062723c751e8b465ee728b) (PreviewImporter) -> (Import Result ID: 'f41ff3aaa2f55a17d6a72ec7348030ea') in 0.6520468 seconds [static and dynamic dependencies]. Details - ImportResultOutputID=652a2b2b9f109d0157c58a0f901d1d08 DependenciesID=b18f23dfd513ce6ebc029fa286926c3d StaticDependenciesID=fa2a02f6cf74d3457c54504b86521d19 
Number of updated asset objects reloaded before import = 0Number of asset objects unloaded after import = 2

========================================================================
Received Import Request.
  Time since last request: 0.000039 seconds.
  path: Assets/Sprites/locations/Materials/photo_7_2026-04-19_17-59-26.mat
  importAddress: Guid(8b097b916c9bbf64e91211d1a2266f03) Importer(815301076,1909f56bfc062723c751e8b465ee728b)
Start importing Assets/Sprites/locations/Materials/photo_7_2026-04-19_17-59-26.mat using Guid(8b097b916c9bbf64e91211d1a2266f03) Importer(815301076,1909f56bfc062723c751e8b465ee728b) (PreviewImporter) -> (Import Result ID: '7fefd5995ab6b574e826412d7ba05892') in 0.0237303 seconds [static and dynamic dependencies]. Details - ImportResultOutputID=7364e894270eb7cd90c137b2a643830a DependenciesID=e89957227cc7329a659d9bf59f75e9f6 StaticDependenciesID=ecbc53d1ec2c1939be50b557a5487b17 
Number of updated asset objects reloaded before import = 0Number of asset objects unloaded after import = 2

========================================================================
Received Import Request.
  Time since last request: 0.000044 seconds.
  path: Assets/Sprites/locations/Materials/photo_9_2026-04-19_17-59-26.mat
  importAddress: Guid(4502eec219e664e49a62e8b51d19789b) Importer(815301076,1909f56bfc062723c751e8b465ee728b)
Start importing Assets/Sprites/locations/Materials/photo_9_2026-04-19_17-59-26.mat using Guid(4502eec219e664e49a62e8b51d19789b) Importer(815301076,1909f56bfc062723c751e8b465ee728b) (PreviewImporter) -> (Import Result ID: 'ff043694b8fed8f1318a5fffc6a67ccc') in 0.0585981 seconds [static and dynamic dependencies]. Details - ImportResultOutputID=c750631db258cfc7e2b3e664a90386e2 DependenciesID=bf7907a9a94122b545eb98e2792ef6aa StaticDependenciesID=13a3ce23b43f1488de61a266073a7731 
Number of updated asset objects reloaded before import = 0Number of asset objects unloaded after import = 1

========================================================================
Received Import Request.
  Time since last request: 0.000032 seconds.
  path: Assets/Sprites/locations/Materials/photo_11_2026-04-19_17-59-26.mat
  importAddress: Guid(9d49b54c08122da42b051d001a1e223e) Importer(815301076,1909f56bfc062723c751e8b465ee728b)
Start importing Assets/Sprites/locations/Materials/photo_11_2026-04-19_17-59-26.mat using Guid(9d49b54c08122da42b051d001a1e223e) Importer(815301076,1909f56bfc062723c751e8b465ee728b) (PreviewImporter) -> (Import Result ID: '47052ea6fffdee03f757a3573b6775d6') in 0.018222 seconds [static and dynamic dependencies]. Details - ImportResultOutputID=f86fac6369561a2503c5502e8750a714 DependenciesID=305de6f929c429aaaa9228863d9c998c StaticDependenciesID=19ae7db99d7be997ac76b73ca309e069 
Number of updated asset objects reloaded before import = 0Number of asset objects unloaded after import = 2

========================================================================
Received Import Request.
  Time since last request: 0.000028 seconds.
  path: Assets/Sprites/locations/Materials/photo_4_2026-04-19_17-59-26.mat
  importAddress: Guid(15c775ce802d69643ac01b7e90c06542) Importer(815301076,1909f56bfc062723c751e8b465ee728b)
Start importing Assets/Sprites/locations/Materials/photo_4_2026-04-19_17-59-26.mat using Guid(15c775ce802d69643ac01b7e90c06542) Importer(815301076,1909f56bfc062723c751e8b465ee728b) (PreviewImporter) -> (Import Result ID: 'e68d1c6ef579e9cd602395422a25b2bc') in 0.0253939 seconds [static and dynamic dependencies]. Details - ImportResultOutputID=e71b38658183f4cd915168de8b3d7cf0 DependenciesID=6fc6f98f78f0c604878dc1b534266fb6 StaticDependenciesID=802eb118f24881ddd43920bff95ad062 
Number of updated asset objects reloaded before import = 0Number of asset objects unloaded after import = 2

========================================================================
Received Import Request.
  Time since last request: 0.000032 seconds.
  path: Assets/Sprites/locations/Materials/photo_15_2026-04-19_17-59-26.mat
  importAddress: Guid(2ba0864f7996317409efd23f26fe5b12) Importer(815301076,1909f56bfc062723c751e8b465ee728b)
Start importing Assets/Sprites/locations/Materials/photo_15_2026-04-19_17-59-26.mat using Guid(2ba0864f7996317409efd23f26fe5b12) Importer(815301076,1909f56bfc062723c751e8b465ee728b) (PreviewImporter) -> (Import Result ID: '7dce81140b299b5dec0624771a1f92c1') in 0.0175276 seconds [static and dynamic dependencies]. Details - ImportResultOutputID=b3a73279eb0a125bad11f33a51972e75 DependenciesID=a744afe4ca136ee4e01142bcab379fde StaticDependenciesID=8f16d1537137ff01db12e064dd7c14de 
Number of updated asset objects reloaded before import = 0Number of asset objects unloaded after import = 2

========================================================================
Received Import Request.
  Time since last request: 0.000066 seconds.
  path: Assets/Sprites/locations/Materials/photo_8_2026-04-19_17-59-26.mat
  importAddress: Guid(7c9db32942f4a494a8e8a5e8ff532dc4) Importer(815301076,1909f56bfc062723c751e8b465ee728b)
Start importing Assets/Sprites/locations/Materials/photo_8_2026-04-19_17-59-26.mat using Guid(7c9db32942f4a494a8e8a5e8ff532dc4) Importer(815301076,1909f56bfc062723c751e8b465ee728b) (PreviewImporter) -> (Import Result ID: '0075a89bd76b6f8a41b537fdfd99ad89') in 0.0210329 seconds [static and dynamic dependencies]. Details - ImportResultOutputID=0fd1bd7de8f98078345a833edaf39785 DependenciesID=c56be3a17ec2cc5f3f8151708e1a206b StaticDependenciesID=7990c8de1708748535be2f4e12f0dab7 
Number of updated asset objects reloaded before import = 0Number of asset objects unloaded after import = 1

Editor requested this worker to shutdown with reason: Scaling down because of idle timeout
AssetImportWorker is now disconnected from the server
Process exiting
Exiting without the bug reporter. Application will terminate with return code 0